[0707/180713:INFO:CONSOLE(1447)] "TypeError: Cannot read property 'style' of undefined
    at Object.EdgeDOM.updateOverlay (http://localhost:54321/_DRIVE_C_EVIRD_/Users/rainnus'/Documents/main/edge_includes/an.canvas.overlay.js:1309:46)
    at d.Symbol.seekInTool (http://localhost:54321/_DRIVE_C_EVIRD_/Users/rainnus'/Documents/main/edge_includes/edge.authoring.3.0.0.min.js:47:259)
    at Object.EdgeDOM.seekInSymbolInTool (http://localhost:54321/_DRIVE_C_EVIRD_/Users/rainnus'/Documents/main/edge_includes/edge.authoring.3.0.0.min.js:109:196)
    at about:blank:0:15", source: http://localhost:54321/_DRIVE_C_EVIRD_/Users/rainnus'/Documents/main/edge_includes/an.canvas.overlay.js (1447)
[0707/180714:INFO:CONSOLE(1447)] "TypeError: Cannot read property 'style' of undefined
    at Object.EdgeDOM.updateOverlay (http://localhost:54321/_DRIVE_C_EVIRD_/Users/rainnus'/Documents/main/edge_includes/an.canvas.overlay.js:1309:46)
    at Object.EdgeDOM.resumeCanvasOverlay (http://localhost:54321/_DRIVE_C_EVIRD_/Users/rainnus'/Documents/main/edge_includes/an.canvas.overlay.js:1153:25)
    at about:blank:0:15", source: http://localhost:54321/_DRIVE_C_EVIRD_/Users/rainnus'/Documents/main/edge_includes/an.canvas.overlay.js (1447)
[0707/180714:INFO:CONSOLE(1447)] "TypeError: Cannot read property 'style' of undefined
    at Object.EdgeDOM.updateOverlay (http://localhost:54321/_DRIVE_C_EVIRD_/Users/rainnus'/Documents/main/edge_includes/an.canvas.overlay.js:1309:46)
    at d.Symbol.seekInTool (http://localhost:54321/_DRIVE_C_EVIRD_/Users/rainnus'/Documents/main/edge_includes/edge.authoring.3.0.0.min.js:47:259)
    at Object.EdgeDOM.seekInSymbolInTool (http://localhost:54321/_DRIVE_C_EVIRD_/Users/rainnus'/Documents/main/edge_includes/edge.authoring.3.0.0.min.js:109:196)
    at about:blank:0:15", source: http://localhost:54321/_DRIVE_C_EVIRD_/Users/rainnus'/Documents/main/edge_includes/an.canvas.overlay.js (1447)
[0707/180714:INFO:CONSOLE(1447)] "TypeError: Cannot read property 'style' of undefined
    at Object.EdgeDOM.updateOverlay (http://localhost:54321/_DRIVE_C_EVIRD_/Users/rainnus'/Documents/main/edge_includes/an.canvas.overlay.js:1309:46)
    at Object.EdgeDOM.resumeCanvasOverlay (http://localhost:54321/_DRIVE_C_EVIRD_/Users/rainnus'/Documents/main/edge_includes/an.canvas.overlay.js:1153:25)
    at about:blank:0:15", source: http://localhost:54321/_DRIVE_C_EVIRD_/Users/rainnus'/Documents/main/edge_includes/an.canvas.overlay.js (1447)
[0707/180716:INFO:CONSOLE(1447)] "TypeError: Cannot read property 'style' of undefined
    at Object.EdgeDOM.updateOverlay (http://localhost:54321/_DRIVE_C_EVIRD_/Users/rainnus'/Documents/main/edge_includes/an.canvas.overlay.js:1309:46)
    at d.Symbol.seekInTool (http://localhost:54321/_DRIVE_C_EVIRD_/Users/rainnus'/Documents/main/edge_includes/edge.authoring.3.0.0.min.js:47:259)
    at Object.EdgeDOM.seekInSymbolInTool (http://localhost:54321/_DRIVE_C_EVIRD_/Users/rainnus'/Documents/main/edge_includes/edge.authoring.3.0.0.min.js:109:196)
    at about:blank:0:15", source: http://localhost:54321/_DRIVE_C_EVIRD_/Users/rainnus'/Documents/main/edge_includes/an.canvas.overlay.js (1447)
[0707/180716:INFO:CONSOLE(1447)] "TypeError: Cannot read property 'style' of undefined
    at Object.EdgeDOM.updateOverlay (http://localhost:54321/_DRIVE_C_EVIRD_/Users/rainnus'/Documents/main/edge_includes/an.canvas.overlay.js:1309:46)
    at Object.EdgeDOM.resumeCanvasOverlay (http://localhost:54321/_DRIVE_C_EVIRD_/Users/rainnus'/Documents/main/edge_includes/an.canvas.overlay.js:1153:25)
    at about:blank:0:15", source: http://localhost:54321/_DRIVE_C_EVIRD_/Users/rainnus'/Documents/main/edge_includes/an.canvas.overlay.js (1447)
[0707/180717:INFO:CONSOLE(1447)] "TypeError: Cannot read property 'style' of undefined
    at Object.EdgeDOM.updateOverlay (http://localhost:54321/_DRIVE_C_EVIRD_/Users/rainnus'/Documents/main/edge_includes/an.canvas.overlay.js:1309:46)
    at d.Symbol.seekInTool (http://localhost:54321/_DRIVE_C_EVIRD_/Users/rainnus'/Documents/main/edge_includes/edge.authoring.3.0.0.min.js:47:259)
    at Object.EdgeDOM.seekInSymbolInTool (http://localhost:54321/_DRIVE_C_EVIRD_/Users/rainnus'/Documents/main/edge_includes/edge.authoring.3.0.0.min.js:109:196)
    at about:blank:0:15", source: http://localhost:54321/_DRIVE_C_EVIRD_/Users/rainnus'/Documents/main/edge_includes/an.canvas.overlay.js (1447)
[0707/180717:INFO:CONSOLE(1447)] "TypeError: Cannot read property 'style' of undefined
    at Object.EdgeDOM.updateOverlay (http://localhost:54321/_DRIVE_C_EVIRD_/Users/rainnus'/Documents/main/edge_includes/an.canvas.overlay.js:1309:46)
    at Object.EdgeDOM.resumeCanvasOverlay (http://localhost:54321/_DRIVE_C_EVIRD_/Users/rainnus'/Documents/main/edge_includes/an.canvas.overlay.js:1153:25)
    at about:blank:0:15", source: http://localhost:54321/_DRIVE_C_EVIRD_/Users/rainnus'/Documents/main/edge_includes/an.canvas.overlay.js (1447)
[0709/014659:ERROR:ipc_channel_win.cc(401)] pipe error: 232
[0709/014741:ERROR:gles2_cmd_decoder.cc(5484)] .SharedGraphicsContext: GL ERROR :GL_INVALID_VALUE : glTexParameteri: unknown texture
[0709/020401:INFO:CONSOLE(1447)] "TypeError: Cannot read property 'style' of undefined
    at Object.EdgeDOM.updateOverlay (http://localhost:54321/_DRIVE_C_EVIRD_/Users/rainnus'/Documents/main/edge_includes/an.canvas.overlay.js:1309:46)
    at d.Symbol.seekInTool (http://localhost:54321/_DRIVE_C_EVIRD_/Users/rainnus'/Documents/main/edge_includes/edge.authoring.3.0.0.min.js:47:259)
    at Object.EdgeDOM.seekInSymbolInTool (http://localhost:54321/_DRIVE_C_EVIRD_/Users/rainnus'/Documents/main/edge_includes/edge.authoring.3.0.0.min.js:109:196)
    at about:blank:0:15", source: http://localhost:54321/_DRIVE_C_EVIRD_/Users/rainnus'/Documents/main/edge_includes/an.canvas.overlay.js (1447)
[0709/020401:INFO:CONSOLE(1447)] "TypeError: Cannot read property 'style' of undefined
    at Object.EdgeDOM.updateOverlay (http://localhost:54321/_DRIVE_C_EVIRD_/Users/rainnus'/Documents/main/edge_includes/an.canvas.overlay.js:1309:46)
    at Object.EdgeDOM.resumeCanvasOverlay (http://localhost:54321/_DRIVE_C_EVIRD_/Users/rainnus'/Documents/main/edge_includes/an.canvas.overlay.js:1153:25)
    at about:blank:0:15", source: http://localhost:54321/_DRIVE_C_EVIRD_/Users/rainnus'/Documents/main/edge_includes/an.canvas.overlay.js (1447)
[0709/020401:INFO:CONSOLE(1447)] "TypeError: Cannot read property 'style' of undefined
    at Object.EdgeDOM.updateOverlay (http://localhost:54321/_DRIVE_C_EVIRD_/Users/rainnus'/Documents/main/edge_includes/an.canvas.overlay.js:1309:46)
    at d.Symbol.seekInTool (http://localhost:54321/_DRIVE_C_EVIRD_/Users/rainnus'/Documents/main/edge_includes/edge.authoring.3.0.0.min.js:47:259)
    at Object.EdgeDOM.seekInSymbolInTool (http://localhost:54321/_DRIVE_C_EVIRD_/Users/rainnus'/Documents/main/edge_includes/edge.authoring.3.0.0.min.js:109:196)
    at about:blank:0:15", source: http://localhost:54321/_DRIVE_C_EVIRD_/Users/rainnus'/Documents/main/edge_includes/an.canvas.overlay.js (1447)
[0709/020401:INFO:CONSOLE(1447)] "TypeError: Cannot read property 'style' of undefined
    at Object.EdgeDOM.updateOverlay (http://localhost:54321/_DRIVE_C_EVIRD_/Users/rainnus'/Documents/main/edge_includes/an.canvas.overlay.js:1309:46)
    at Object.EdgeDOM.resumeCanvasOverlay (http://localhost:54321/_DRIVE_C_EVIRD_/Users/rainnus'/Documents/main/edge_includes/an.canvas.overlay.js:1153:25)
    at about:blank:0:15", source: http://localhost:54321/_DRIVE_C_EVIRD_/Users/rainnus'/Documents/main/edge_includes/an.canvas.overlay.js (1447)
[0718/191547:INFO:dhcp_proxy_script_adapter_fetcher_win.cc(267)] Error fetching PAC URL from DHCP: 2
[0718/191547:INFO:dhcp_proxy_script_adapter_fetcher_win.cc(267)] Error fetching PAC URL from DHCP: 2
[0718/191547:INFO:dhcp_proxy_script_adapter_fetcher_win.cc(267)] Error fetching PAC URL from DHCP: 2
[0718/191557:INFO:dhcp_proxy_script_adapter_fetcher_win.cc(267)] Error fetching PAC URL from DHCP: 2
[0718/191557:INFO:dhcp_proxy_script_adapter_fetcher_win.cc(267)] Error fetching PAC URL from DHCP: 2
[0718/191557:INFO:dhcp_proxy_script_adapter_fetcher_win.cc(267)] Error fetching PAC URL from DHCP: 2
[0718/191651:INFO:dhcp_proxy_script_adapter_fetcher_win.cc(267)] Error fetching PAC URL from DHCP: 2
[0718/191651:INFO:dhcp_proxy_script_adapter_fetcher_win.cc(267)] Error fetching PAC URL from DHCP: 2
[0718/191651:INFO:dhcp_proxy_script_adapter_fetcher_win.cc(267)] Error fetching PAC URL from DHCP: 2
[0718/195315:INFO:dhcp_proxy_script_adapter_fetcher_win.cc(267)] Error fetching PAC URL from DHCP: 2
[0718/195315:INFO:dhcp_proxy_script_adapter_fetcher_win.cc(267)] Error fetching PAC URL from DHCP: 2
[0718/195315:INFO:dhcp_proxy_script_adapter_fetcher_win.cc(267)] Error fetching PAC URL from DHCP: 2
[0718/195325:INFO:dhcp_proxy_script_adapter_fetcher_win.cc(267)] Error fetching PAC URL from DHCP: 2
[0718/195325:INFO:dhcp_proxy_script_adapter_fetcher_win.cc(267)] Error fetching PAC URL from DHCP: 2
[0718/195325:INFO:dhcp_proxy_script_adapter_fetcher_win.cc(267)] Error fetching PAC URL from DHCP: 2
[0718/213718:INFO:CONSOLE(0)] "Uncaught SyntaxError: Unexpected token ILLEGAL", source: about:blank (0)
[0719/030107:INFO:dhcp_proxy_script_adapter_fetcher_win.cc(267)] Error fetching PAC URL from DHCP: 2
[0719/030107:INFO:dhcp_proxy_script_adapter_fetcher_win.cc(267)] Error fetching PAC URL from DHCP: 2
[0719/030107:INFO:dhcp_proxy_script_adapter_fetcher_win.cc(267)] Error fetching PAC URL from DHCP: 2
[0719/124105:INFO:dhcp_proxy_script_adapter_fetcher_win.cc(267)] Error fetching PAC URL from DHCP: 2
[0719/124105:INFO:dhcp_proxy_script_adapter_fetcher_win.cc(267)] Error fetching PAC URL from DHCP: 2
[0719/124105:INFO:dhcp_proxy_script_adapter_fetcher_win.cc(267)] Error fetching PAC URL from DHCP: 2
[0719/124105:INFO:dhcp_proxy_script_adapter_fetcher_win.cc(267)] Error fetching PAC URL from DHCP: 2
[0719/124113:INFO:dhcp_proxy_script_adapter_fetcher_win.cc(267)] Error fetching PAC URL from DHCP: 2
[0719/124113:INFO:dhcp_proxy_script_adapter_fetcher_win.cc(267)] Error fetching PAC URL from DHCP: 2
[0719/124113:INFO:dhcp_proxy_script_adapter_fetcher_win.cc(267)] Error fetching PAC URL from DHCP: 2
[0719/124123:INFO:dhcp_proxy_script_adapter_fetcher_win.cc(267)] Error fetching PAC URL from DHCP: 2
[0719/124123:INFO:dhcp_proxy_script_adapter_fetcher_win.cc(267)] Error fetching PAC URL from DHCP: 2
[0719/124123:INFO:dhcp_proxy_script_adapter_fetcher_win.cc(267)] Error fetching PAC URL from DHCP: 2
[0719/160301:WARNING:dns_config_service_win.cc(599)] Failed to read DnsConfig.
[0719/160303:INFO:dhcp_proxy_script_adapter_fetcher_win.cc(267)] Error fetching PAC URL from DHCP: 2
[0719/160303:INFO:dhcp_proxy_script_adapter_fetcher_win.cc(267)] Error fetching PAC URL from DHCP: 2
[0719/160303:INFO:dhcp_proxy_script_adapter_fetcher_win.cc(267)] Error fetching PAC URL from DHCP: 2
[0719/160303:INFO:dhcp_proxy_script_adapter_fetcher_win.cc(267)] Error fetching PAC URL from DHCP: 2
[0719/160306:WARNING:dns_config_service_win.cc(599)] Failed to read DnsConfig.
[0719/160311:INFO:dhcp_proxy_script_adapter_fetcher_win.cc(267)] Error fetching PAC URL from DHCP: 2
[0719/160311:INFO:dhcp_proxy_script_adapter_fetcher_win.cc(267)] Error fetching PAC URL from DHCP: 2
[0719/160311:INFO:dhcp_proxy_script_adapter_fetcher_win.cc(267)] Error fetching PAC URL from DHCP: 2
[0719/160311:INFO:dhcp_proxy_script_adapter_fetcher_win.cc(267)] Error fetching PAC URL from DHCP: 2
[0719/160311:WARNING:dns_config_service_win.cc(599)] Failed to read DnsConfig.
[0719/160316:WARNING:dns_config_service_win.cc(599)] Failed to read DnsConfig.
[0719/160321:WARNING:dns_config_service_win.cc(599)] Failed to read DnsConfig.
[0719/160326:WARNING:dns_config_service_win.cc(599)] Failed to read DnsConfig.
[0719/160331:WARNING:dns_config_service_win.cc(599)] Failed to read DnsConfig.
[0719/160336:WARNING:dns_config_service_win.cc(599)] Failed to read DnsConfig.
[0719/160341:WARNING:dns_config_service_win.cc(599)] Failed to read DnsConfig.
[0719/160346:WARNING:dns_config_service_win.cc(599)] Failed to read DnsConfig.
[0719/160351:WARNING:dns_config_service_win.cc(599)] Failed to read DnsConfig.
[0719/160356:WARNING:dns_config_service_win.cc(599)] Failed to read DnsConfig.
[0719/160402:WARNING:dns_config_service_win.cc(599)] Failed to read DnsConfig.
[0719/160407:WARNING:dns_config_service_win.cc(599)] Failed to read DnsConfig.
[0719/160412:WARNING:dns_config_service_win.cc(599)] Failed to read DnsConfig.
[0719/160417:WARNING:dns_config_service_win.cc(599)] Failed to read DnsConfig.
[0719/160422:WARNING:dns_config_service_win.cc(599)] Failed to read DnsConfig.
[0719/160427:WARNING:dns_config_service_win.cc(599)] Failed to read DnsConfig.
[0719/160432:WARNING:dns_config_service_win.cc(599)] Failed to read DnsConfig.
[0719/160437:WARNING:dns_config_service_win.cc(599)] Failed to read DnsConfig.
[0719/160442:WARNING:dns_config_service_win.cc(599)] Failed to read DnsConfig.
[0719/160447:WARNING:dns_config_service_win.cc(599)] Failed to read DnsConfig.
[0719/160452:WARNING:dns_config_service_win.cc(599)] Failed to read DnsConfig.
[0719/160457:WARNING:dns_config_service_win.cc(599)] Failed to read DnsConfig.
[0719/160502:WARNING:dns_config_service_win.cc(599)] Failed to read DnsConfig.
[0719/160507:WARNING:dns_config_service_win.cc(599)] Failed to read DnsConfig.
[0719/160512:WARNING:dns_config_service_win.cc(599)] Failed to read DnsConfig.
[0719/160517:WARNING:dns_config_service_win.cc(599)] Failed to read DnsConfig.
[0719/160522:WARNING:dns_config_service_win.cc(599)] Failed to read DnsConfig.
[0719/160527:WARNING:dns_config_service_win.cc(599)] Failed to read DnsConfig.
[0719/160532:WARNING:dns_config_service_win.cc(599)] Failed to read DnsConfig.
[0719/160537:WARNING:dns_config_service_win.cc(599)] Failed to read DnsConfig.
[0719/160542:WARNING:dns_config_service_win.cc(599)] Failed to read DnsConfig.
[0719/160547:WARNING:dns_config_service_win.cc(599)] Failed to read DnsConfig.
[0719/160552:WARNING:dns_config_service_win.cc(599)] Failed to read DnsConfig.
[0719/160557:WARNING:dns_config_service_win.cc(599)] Failed to read DnsConfig.
[0719/160602:WARNING:dns_config_service_win.cc(599)] Failed to read DnsConfig.
[0719/160607:WARNING:dns_config_service_win.cc(599)] Failed to read DnsConfig.
[0719/160612:WARNING:dns_config_service_win.cc(599)] Failed to read DnsConfig.
[0719/160617:WARNING:dns_config_service_win.cc(599)] Failed to read DnsConfig.
[0719/160622:WARNING:dns_config_service_win.cc(599)] Failed to read DnsConfig.
[0719/160627:WARNING:dns_config_service_win.cc(599)] Failed to read DnsConfig.
[0719/160632:WARNING:dns_config_service_win.cc(599)] Failed to read DnsConfig.
[0719/160637:WARNING:dns_config_service_win.cc(599)] Failed to read DnsConfig.
[0719/160642:WARNING:dns_config_service_win.cc(599)] Failed to read DnsConfig.
[0719/160647:WARNING:dns_config_service_win.cc(599)] Failed to read DnsConfig.
[0719/160652:WARNING:dns_config_service_win.cc(599)] Failed to read DnsConfig.
[0719/160657:WARNING:dns_config_service_win.cc(599)] Failed to read DnsConfig.
[0719/160702:WARNING:dns_config_service_win.cc(599)] Failed to read DnsConfig.
[0719/160707:WARNING:dns_config_service_win.cc(599)] Failed to read DnsConfig.
[0719/160712:WARNING:dns_config_service_win.cc(599)] Failed to read DnsConfig.
[0719/160717:WARNING:dns_config_service_win.cc(599)] Failed to read DnsConfig.
[0719/160722:WARNING:dns_config_service_win.cc(599)] Failed to read DnsConfig.
[0719/160727:WARNING:dns_config_service_win.cc(599)] Failed to read DnsConfig.
[0719/160732:WARNING:dns_config_service_win.cc(599)] Failed to read DnsConfig.
[0719/160737:WARNING:dns_config_service_win.cc(599)] Failed to read DnsConfig.
[0719/160742:WARNING:dns_config_service_win.cc(599)] Failed to read DnsConfig.
[0719/160747:WARNING:dns_config_service_win.cc(599)] Failed to read DnsConfig.
[0719/160752:WARNING:dns_config_service_win.cc(599)] Failed to read DnsConfig.
[0719/160757:WARNING:dns_config_service_win.cc(599)] Failed to read DnsConfig.
[0719/160802:WARNING:dns_config_service_win.cc(599)] Failed to read DnsConfig.
[0719/160807:WARNING:dns_config_service_win.cc(599)] Failed to read DnsConfig.
[0719/160812:WARNING:dns_config_service_win.cc(599)] Failed to read DnsConfig.
[0719/160817:WARNING:dns_config_service_win.cc(599)] Failed to read DnsConfig.
[0719/160822:WARNING:dns_config_service_win.cc(599)] Failed to read DnsConfig.
[0719/160827:WARNING:dns_config_service_win.cc(599)] Failed to read DnsConfig.
[0719/160832:WARNING:dns_config_service_win.cc(599)] Failed to read DnsConfig.
[0719/160837:WARNING:dns_config_service_win.cc(599)] Failed to read DnsConfig.
[0719/160842:WARNING:dns_config_service_win.cc(599)] Failed to read DnsConfig.
[0719/160847:WARNING:dns_config_service_win.cc(599)] Failed to read DnsConfig.
[0719/160852:WARNING:dns_config_service_win.cc(599)] Failed to read DnsConfig.
[0719/160857:WARNING:dns_config_service_win.cc(599)] Failed to read DnsConfig.
[0719/160902:WARNING:dns_config_service_win.cc(599)] Failed to read DnsConfig.
[0719/160907:WARNING:dns_config_service_win.cc(599)] Failed to read DnsConfig.
[0719/160912:WARNING:dns_config_service_win.cc(599)] Failed to read DnsConfig.
[0719/160917:WARNING:dns_config_service_win.cc(599)] Failed to read DnsConfig.
[0719/160922:WARNING:dns_config_service_win.cc(599)] Failed to read DnsConfig.
[0719/160927:WARNING:dns_config_service_win.cc(599)] Failed to read DnsConfig.
[0719/160932:WARNING:dns_config_service_win.cc(599)] Failed to read DnsConfig.
[0719/160937:WARNING:dns_config_service_win.cc(599)] Failed to read DnsConfig.
[0719/160942:WARNING:dns_config_service_win.cc(599)] Failed to read DnsConfig.
[0719/160947:WARNING:dns_config_service_win.cc(599)] Failed to read DnsConfig.
[0719/160952:WARNING:dns_config_service_win.cc(599)] Failed to read DnsConfig.
[0719/160957:WARNING:dns_config_service_win.cc(599)] Failed to read DnsConfig.
[0719/161002:WARNING:dns_config_service_win.cc(599)] Failed to read DnsConfig.
[0719/161007:WARNING:dns_config_service_win.cc(599)] Failed to read DnsConfig.
[0719/161012:WARNING:dns_config_service_win.cc(599)] Failed to read DnsConfig.
[0719/161017:WARNING:dns_config_service_win.cc(599)] Failed to read DnsConfig.
[0719/161022:WARNING:dns_config_service_win.cc(599)] Failed to read DnsConfig.
[0719/161027:WARNING:dns_config_service_win.cc(599)] Failed to read DnsConfig.
[0719/161032:WARNING:dns_config_service_win.cc(599)] Failed to read DnsConfig.
[0719/161037:WARNING:dns_config_service_win.cc(599)] Failed to read DnsConfig.
[0719/161042:WARNING:dns_config_service_win.cc(599)] Failed to read DnsConfig.
[0719/161047:WARNING:dns_config_service_win.cc(599)] Failed to read DnsConfig.
[0719/161052:WARNING:dns_config_service_win.cc(599)] Failed to read DnsConfig.
[0719/161057:WARNING:dns_config_service_win.cc(599)] Failed to read DnsConfig.
[0719/161102:WARNING:dns_config_service_win.cc(599)] Failed to read DnsConfig.
[0719/161107:WARNING:dns_config_service_win.cc(599)] Failed to read DnsConfig.
[0719/161112:WARNING:dns_config_service_win.cc(599)] Failed to read DnsConfig.
[0719/161117:WARNING:dns_config_service_win.cc(599)] Failed to read DnsConfig.
[0719/161122:WARNING:dns_config_service_win.cc(599)] Failed to read DnsConfig.
[0719/161127:WARNING:dns_config_service_win.cc(599)] Failed to read DnsConfig.
[0719/161132:WARNING:dns_config_service_win.cc(599)] Failed to read DnsConfig.
[0719/161137:WARNING:dns_config_service_win.cc(599)] Failed to read DnsConfig.
[0719/161142:WARNING:dns_config_service_win.cc(599)] Failed to read DnsConfig.
[0719/161147:WARNING:dns_config_service_win.cc(599)] Failed to read DnsConfig.
[0719/161152:WARNING:dns_config_service_win.cc(599)] Failed to read DnsConfig.
[0719/161157:WARNING:dns_config_service_win.cc(599)] Failed to read DnsConfig.
[0719/161202:WARNING:dns_config_service_win.cc(599)] Failed to read DnsConfig.
[0719/161207:WARNING:dns_config_service_win.cc(599)] Failed to read DnsConfig.
[0719/161212:WARNING:dns_config_service_win.cc(599)] Failed to read DnsConfig.
[0719/161217:WARNING:dns_config_service_win.cc(599)] Failed to read DnsConfig.
[0719/161222:WARNING:dns_config_service_win.cc(599)] Failed to read DnsConfig.
[0719/161227:WARNING:dns_config_service_win.cc(599)] Failed to read DnsConfig.
[0719/161232:WARNING:dns_config_service_win.cc(599)] Failed to read DnsConfig.
[0719/161237:WARNING:dns_config_service_win.cc(599)] Failed to read DnsConfig.
[0719/161242:WARNING:dns_config_service_win.cc(599)] Failed to read DnsConfig.
[0719/161247:WARNING:dns_config_service_win.cc(599)] Failed to read DnsConfig.
[0719/161252:WARNING:dns_config_service_win.cc(599)] Failed to read DnsConfig.
[0719/161257:WARNING:dns_config_service_win.cc(599)] Failed to read DnsConfig.
[0719/161302:WARNING:dns_config_service_win.cc(599)] Failed to read DnsConfig.
[0719/161307:WARNING:dns_config_service_win.cc(599)] Failed to read DnsConfig.
[0719/161312:WARNING:dns_config_service_win.cc(599)] Failed to read DnsConfig.
[0719/161317:WARNING:dns_config_service_win.cc(599)] Failed to read DnsConfig.
[0719/161322:WARNING:dns_config_service_win.cc(599)] Failed to read DnsConfig.
[0719/161327:WARNING:dns_config_service_win.cc(599)] Failed to read DnsConfig.
[0719/161332:WARNING:dns_config_service_win.cc(599)] Failed to read DnsConfig.
[0719/161337:WARNING:dns_config_service_win.cc(599)] Failed to read DnsConfig.
[0719/161342:WARNING:dns_config_service_win.cc(599)] Failed to read DnsConfig.
[0719/161347:WARNING:dns_config_service_win.cc(599)] Failed to read DnsConfig.
[0719/161352:WARNING:dns_config_service_win.cc(599)] Failed to read DnsConfig.
[0719/161357:WARNING:dns_config_service_win.cc(599)] Failed to read DnsConfig.
[0719/161402:WARNING:dns_config_service_win.cc(599)] Failed to read DnsConfig.
[0719/161407:WARNING:dns_config_service_win.cc(599)] Failed to read DnsConfig.
[0719/161412:WARNING:dns_config_service_win.cc(599)] Failed to read DnsConfig.
[0719/161417:WARNING:dns_config_service_win.cc(599)] Failed to read DnsConfig.
[0719/161422:WARNING:dns_config_service_win.cc(599)] Failed to read DnsConfig.
[0719/161427:WARNING:dns_config_service_win.cc(599)] Failed to read DnsConfig.
[0719/161432:WARNING:dns_config_service_win.cc(599)] Failed to read DnsConfig.
[0719/161437:WARNING:dns_config_service_win.cc(599)] Failed to read DnsConfig.
[0719/161442:WARNING:dns_config_service_win.cc(599)] Failed to read DnsConfig.
[0719/161447:WARNING:dns_config_service_win.cc(599)] Failed to read DnsConfig.
[0719/161452:WARNING:dns_config_service_win.cc(599)] Failed to read DnsConfig.
[0719/161457:WARNING:dns_config_service_win.cc(599)] Failed to read DnsConfig.
[0719/161502:WARNING:dns_config_service_win.cc(599)] Failed to read DnsConfig.
[0719/161507:WARNING:dns_config_service_win.cc(599)] Failed to read DnsConfig.
[0719/161512:WARNING:dns_config_service_win.cc(599)] Failed to read DnsConfig.
[0719/161517:WARNING:dns_config_service_win.cc(599)] Failed to read DnsConfig.
[0719/161522:WARNING:dns_config_service_win.cc(599)] Failed to read DnsConfig.
[0719/161527:WARNING:dns_config_service_win.cc(599)] Failed to read DnsConfig.
[0719/161532:WARNING:dns_config_service_win.cc(599)] Failed to read DnsConfig.
[0719/161537:WARNING:dns_config_service_win.cc(599)] Failed to read DnsConfig.
[0719/161542:WARNING:dns_config_service_win.cc(599)] Failed to read DnsConfig.
[0719/161547:WARNING:dns_config_service_win.cc(599)] Failed to read DnsConfig.
[0719/161552:WARNING:dns_config_service_win.cc(599)] Failed to read DnsConfig.
[0719/161557:WARNING:dns_config_service_win.cc(599)] Failed to read DnsConfig.
[0719/161602:WARNING:dns_config_service_win.cc(599)] Failed to read DnsConfig.
[0719/161607:WARNING:dns_config_service_win.cc(599)] Failed to read DnsConfig.
[0719/161612:WARNING:dns_config_service_win.cc(599)] Failed to read DnsConfig.
[0719/161617:WARNING:dns_config_service_win.cc(599)] Failed to read DnsConfig.
[0719/161622:WARNING:dns_config_service_win.cc(599)] Failed to read DnsConfig.
[0719/161627:WARNING:dns_config_service_win.cc(599)] Failed to read DnsConfig.
[0719/161632:WARNING:dns_config_service_win.cc(599)] Failed to read DnsConfig.
[0719/161637:WARNING:dns_config_service_win.cc(599)] Failed to read DnsConfig.
[0719/161642:WARNING:dns_config_service_win.cc(599)] Failed to read DnsConfig.
[0719/161647:WARNING:dns_config_service_win.cc(599)] Failed to read DnsConfig.
[0719/161652:WARNING:dns_config_service_win.cc(599)] Failed to read DnsConfig.
[0719/161657:WARNING:dns_config_service_win.cc(599)] Failed to read DnsConfig.
[0719/161702:WARNING:dns_config_service_win.cc(599)] Failed to read DnsConfig.
[0719/161707:WARNING:dns_config_service_win.cc(599)] Failed to read DnsConfig.
[0719/161712:WARNING:dns_config_service_win.cc(599)] Failed to read DnsConfig.
[0719/161717:WARNING:dns_config_service_win.cc(599)] Failed to read DnsConfig.
[0719/161722:WARNING:dns_config_service_win.cc(599)] Failed to read DnsConfig.
[0719/161727:WARNING:dns_config_service_win.cc(599)] Failed to read DnsConfig.
[0719/161732:WARNING:dns_config_service_win.cc(599)] Failed to read DnsConfig.
[0719/161737:WARNING:dns_config_service_win.cc(599)] Failed to read DnsConfig.
[0719/161742:WARNING:dns_config_service_win.cc(599)] Failed to read DnsConfig.
[0719/161747:WARNING:dns_config_service_win.cc(599)] Failed to read DnsConfig.
[0719/161752:WARNING:dns_config_service_win.cc(599)] Failed to read DnsConfig.
[0719/161757:WARNING:dns_config_service_win.cc(599)] Failed to read DnsConfig.
[0719/161802:WARNING:dns_config_service_win.cc(599)] Failed to read DnsConfig.
[0719/161807:WARNING:dns_config_service_win.cc(599)] Failed to read DnsConfig.
[0719/161812:WARNING:dns_config_service_win.cc(599)] Failed to read DnsConfig.
[0719/161817:WARNING:dns_config_service_win.cc(599)] Failed to read DnsConfig.
[0719/161822:WARNING:dns_config_service_win.cc(599)] Failed to read DnsConfig.
[0719/161827:WARNING:dns_config_service_win.cc(599)] Failed to read DnsConfig.
[0719/161832:WARNING:dns_config_service_win.cc(599)] Failed to read DnsConfig.
[0719/161837:WARNING:dns_config_service_win.cc(599)] Failed to read DnsConfig.
[0719/161842:WARNING:dns_config_service_win.cc(599)] Failed to read DnsConfig.
[0719/161847:WARNING:dns_config_service_win.cc(599)] Failed to read DnsConfig.
[0719/161852:WARNING:dns_config_service_win.cc(599)] Failed to read DnsConfig.
[0719/161857:WARNING:dns_config_service_win.cc(599)] Failed to read DnsConfig.
[0719/161902:WARNING:dns_config_service_win.cc(599)] Failed to read DnsConfig.
[0719/161907:WARNING:dns_config_service_win.cc(599)] Failed to read DnsConfig.
[0719/161912:WARNING:dns_config_service_win.cc(599)] Failed to read DnsConfig.
[0719/161917:WARNING:dns_config_service_win.cc(599)] Failed to read DnsConfig.
[0719/161922:WARNING:dns_config_service_win.cc(599)] Failed to read DnsConfig.
[0719/161927:WARNING:dns_config_service_win.cc(599)] Failed to read DnsConfig.
[0719/161932:WARNING:dns_config_service_win.cc(599)] Failed to read DnsConfig.
[0719/161937:WARNING:dns_config_service_win.cc(599)] Failed to read DnsConfig.
[0719/161942:WARNING:dns_config_service_win.cc(599)] Failed to read DnsConfig.
[0719/161947:WARNING:dns_config_service_win.cc(599)] Failed to read DnsConfig.
[0719/161952:WARNING:dns_config_service_win.cc(599)] Failed to read DnsConfig.
[0719/161957:WARNING:dns_config_service_win.cc(599)] Failed to read DnsConfig.
[0719/162002:WARNING:dns_config_service_win.cc(599)] Failed to read DnsConfig.
[0719/162007:WARNING:dns_config_service_win.cc(599)] Failed to read DnsConfig.
[0719/162012:WARNING:dns_config_service_win.cc(599)] Failed to read DnsConfig.
[0719/162017:WARNING:dns_config_service_win.cc(599)] Failed to read DnsConfig.
[0719/162022:WARNING:dns_config_service_win.cc(599)] Failed to read DnsConfig.
[0719/162027:WARNING:dns_config_service_win.cc(599)] Failed to read DnsConfig.
[0719/162032:WARNING:dns_config_service_win.cc(599)] Failed to read DnsConfig.
[0719/162037:WARNING:dns_config_service_win.cc(599)] Failed to read DnsConfig.
[0719/162042:WARNING:dns_config_service_win.cc(599)] Failed to read DnsConfig.
[0719/162047:WARNING:dns_config_service_win.cc(599)] Failed to read DnsConfig.
[0719/162052:WARNING:dns_config_service_win.cc(599)] Failed to read DnsConfig.
[0719/162057:WARNING:dns_config_service_win.cc(599)] Failed to read DnsConfig.
[0719/162102:WARNING:dns_config_service_win.cc(599)] Failed to read DnsConfig.
[0719/162107:WARNING:dns_config_service_win.cc(599)] Failed to read DnsConfig.
[0719/162112:WARNING:dns_config_service_win.cc(599)] Failed to read DnsConfig.
[0719/162117:WARNING:dns_config_service_win.cc(599)] Failed to read DnsConfig.
[0719/162122:WARNING:dns_config_service_win.cc(599)] Failed to read DnsConfig.
[0719/162127:WARNING:dns_config_service_win.cc(599)] Failed to read DnsConfig.
[0722/121801:INFO:dhcp_proxy_script_adapter_fetcher_win.cc(267)] Error fetching PAC URL from DHCP: 2
[0722/121801:INFO:dhcp_proxy_script_adapter_fetcher_win.cc(267)] Error fetching PAC URL from DHCP: 2
[0722/121801:INFO:dhcp_proxy_script_adapter_fetcher_win.cc(267)] Error fetching PAC URL from DHCP: 2
[0722/121811:INFO:dhcp_proxy_script_adapter_fetcher_win.cc(267)] Error fetching PAC URL from DHCP: 2
[0722/121811:INFO:dhcp_proxy_script_adapter_fetcher_win.cc(267)] Error fetching PAC URL from DHCP: 2
[0722/121811:INFO:dhcp_proxy_script_adapter_fetcher_win.cc(267)] Error fetching PAC URL from DHCP: 2
[0722/121852:INFO:dhcp_proxy_script_adapter_fetcher_win.cc(267)] Error fetching PAC URL from DHCP: 2
[0722/121852:INFO:dhcp_proxy_script_adapter_fetcher_win.cc(267)] Error fetching PAC URL from DHCP: 2
[0722/121852:INFO:dhcp_proxy_script_adapter_fetcher_win.cc(267)] Error fetching PAC URL from DHCP: 2
[0723/022224:INFO:dhcp_proxy_script_adapter_fetcher_win.cc(267)] Error fetching PAC URL from DHCP: 2
[0723/022224:INFO:dhcp_proxy_script_adapter_fetcher_win.cc(267)] Error fetching PAC URL from DHCP: 2
[0723/022224:INFO:dhcp_proxy_script_adapter_fetcher_win.cc(267)] Error fetching PAC URL from DHCP: 2
[0723/022235:INFO:dhcp_proxy_script_adapter_fetcher_win.cc(267)] Error fetching PAC URL from DHCP: 2
[0723/022235:INFO:dhcp_proxy_script_adapter_fetcher_win.cc(267)] Error fetching PAC URL from DHCP: 2
[0723/022235:INFO:dhcp_proxy_script_adapter_fetcher_win.cc(267)] Error fetching PAC URL from DHCP: 2
[0723/022426:INFO:dhcp_proxy_script_adapter_fetcher_win.cc(267)] Error fetching PAC URL from DHCP: 2
[0723/022426:INFO:dhcp_proxy_script_adapter_fetcher_win.cc(267)] Error fetching PAC URL from DHCP: 2
[0723/022426:INFO:dhcp_proxy_script_adapter_fetcher_win.cc(267)] Error fetching PAC URL from DHCP: 2
[0723/022436:INFO:dhcp_proxy_script_adapter_fetcher_win.cc(267)] Error fetching PAC URL from DHCP: 2
[0723/022436:INFO:dhcp_proxy_script_adapter_fetcher_win.cc(267)] Error fetching PAC URL from DHCP: 2
[0723/022436:INFO:dhcp_proxy_script_adapter_fetcher_win.cc(267)] Error fetching PAC URL from DHCP: 2
[0723/141521:INFO:dhcp_proxy_script_adapter_fetcher_win.cc(267)] Error fetching PAC URL from DHCP: 2
[0723/141521:INFO:dhcp_proxy_script_adapter_fetcher_win.cc(267)] Error fetching PAC URL from DHCP: 2
[0723/141521:INFO:dhcp_proxy_script_adapter_fetcher_win.cc(267)] Error fetching PAC URL from DHCP: 2
[0723/141521:INFO:dhcp_proxy_script_adapter_fetcher_win.cc(267)] Error fetching PAC URL from DHCP: 2
[0723/141524:INFO:dhcp_proxy_script_adapter_fetcher_win.cc(267)] Error fetching PAC URL from DHCP: 2
[0723/141524:INFO:dhcp_proxy_script_adapter_fetcher_win.cc(267)] Error fetching PAC URL from DHCP: 2
[0723/141524:INFO:dhcp_proxy_script_adapter_fetcher_win.cc(267)] Error fetching PAC URL from DHCP: 2
[0723/141524:INFO:dhcp_proxy_script_adapter_fetcher_win.cc(267)] Error fetching PAC URL from DHCP: 2
[0723/141526:INFO:dhcp_proxy_script_adapter_fetcher_win.cc(267)] Error fetching PAC URL from DHCP: 2
[0723/141526:INFO:dhcp_proxy_script_adapter_fetcher_win.cc(267)] Error fetching PAC URL from DHCP: 2
[0723/141526:INFO:dhcp_proxy_script_adapter_fetcher_win.cc(267)] Error fetching PAC URL from DHCP: 2
[0723/141530:INFO:dhcp_proxy_script_adapter_fetcher_win.cc(267)] Error fetching PAC URL from DHCP: 2
[0723/141530:INFO:dhcp_proxy_script_adapter_fetcher_win.cc(267)] Error fetching PAC URL from DHCP: 2
[0723/141530:INFO:dhcp_proxy_script_adapter_fetcher_win.cc(267)] Error fetching PAC URL from DHCP: 2
[0723/141540:INFO:dhcp_proxy_script_adapter_fetcher_win.cc(267)] Error fetching PAC URL from DHCP: 2
[0723/141540:INFO:dhcp_proxy_script_adapter_fetcher_win.cc(267)] Error fetching PAC URL from DHCP: 2
[0723/141540:INFO:dhcp_proxy_script_adapter_fetcher_win.cc(267)] Error fetching PAC URL from DHCP: 2
[0822/133410:INFO:dhcp_proxy_script_adapter_fetcher_win.cc(267)] Error fetching PAC URL from DHCP: 2
[0822/133410:INFO:dhcp_proxy_script_adapter_fetcher_win.cc(267)] Error fetching PAC URL from DHCP: 2
[0822/133410:INFO:dhcp_proxy_script_adapter_fetcher_win.cc(267)] Error fetching PAC URL from DHCP: 2
[0822/133421:INFO:dhcp_proxy_script_adapter_fetcher_win.cc(267)] Error fetching PAC URL from DHCP: 2
[0822/133421:INFO:dhcp_proxy_script_adapter_fetcher_win.cc(267)] Error fetching PAC URL from DHCP: 2
[0822/133421:INFO:dhcp_proxy_script_adapter_fetcher_win.cc(267)] Error fetching PAC URL from DHCP: 2
[0822/133520:INFO:dhcp_proxy_script_adapter_fetcher_win.cc(267)] Error fetching PAC URL from DHCP: 2
[0822/133520:INFO:dhcp_proxy_script_adapter_fetcher_win.cc(267)] Error fetching PAC URL from DHCP: 2
[0822/133520:INFO:dhcp_proxy_script_adapter_fetcher_win.cc(267)] Error fetching PAC URL from DHCP: 2
[0822/135108:INFO:dhcp_proxy_script_adapter_fetcher_win.cc(267)] Error fetching PAC URL from DHCP: 2
[0822/135108:INFO:dhcp_proxy_script_adapter_fetcher_win.cc(267)] Error fetching PAC URL from DHCP: 2
[0822/135108:INFO:dhcp_proxy_script_adapter_fetcher_win.cc(267)] Error fetching PAC URL from DHCP: 2
[0822/135114:INFO:dhcp_proxy_script_adapter_fetcher_win.cc(267)] Error fetching PAC URL from DHCP: 2
[0822/135114:INFO:dhcp_proxy_script_adapter_fetcher_win.cc(267)] Error fetching PAC URL from DHCP: 2
[0822/135114:INFO:dhcp_proxy_script_adapter_fetcher_win.cc(267)] Error fetching PAC URL from DHCP: 2
[0822/135118:INFO:dhcp_proxy_script_adapter_fetcher_win.cc(267)] Error fetching PAC URL from DHCP: 2
[0822/135118:INFO:dhcp_proxy_script_adapter_fetcher_win.cc(267)] Error fetching PAC URL from DHCP: 2
[0822/135118:INFO:dhcp_proxy_script_adapter_fetcher_win.cc(267)] Error fetching PAC URL from DHCP: 2
[0822/135128:INFO:dhcp_proxy_script_adapter_fetcher_win.cc(267)] Error fetching PAC URL from DHCP: 2
[0822/135128:INFO:dhcp_proxy_script_adapter_fetcher_win.cc(267)] Error fetching PAC URL from DHCP: 2
[0822/135128:INFO:dhcp_proxy_script_adapter_fetcher_win.cc(267)] Error fetching PAC URL from DHCP: 2
[0822/135241:INFO:dhcp_proxy_script_adapter_fetcher_win.cc(267)] Error fetching PAC URL from DHCP: 2
[0822/135241:INFO:dhcp_proxy_script_adapter_fetcher_win.cc(267)] Error fetching PAC URL from DHCP: 2
[0822/135241:INFO:dhcp_proxy_script_adapter_fetcher_win.cc(267)] Error fetching PAC URL from DHCP: 2
[0822/135244:INFO:dhcp_proxy_script_adapter_fetcher_win.cc(267)] Error fetching PAC URL from DHCP: 2
[0822/135244:INFO:dhcp_proxy_script_adapter_fetcher_win.cc(267)] Error fetching PAC URL from DHCP: 2
[0822/135244:INFO:dhcp_proxy_script_adapter_fetcher_win.cc(267)] Error fetching PAC URL from DHCP: 2
[0822/135254:INFO:dhcp_proxy_script_adapter_fetcher_win.cc(267)] Error fetching PAC URL from DHCP: 2
[0822/135254:INFO:dhcp_proxy_script_adapter_fetcher_win.cc(267)] Error fetching PAC URL from DHCP: 2
[0822/135254:INFO:dhcp_proxy_script_adapter_fetcher_win.cc(267)] Error fetching PAC URL from DHCP: 2
[0822/135923:INFO:dhcp_proxy_script_adapter_fetcher_win.cc(267)] Error fetching PAC URL from DHCP: 2
[0822/135923:INFO:dhcp_proxy_script_adapter_fetcher_win.cc(267)] Error fetching PAC URL from DHCP: 2
[0822/135923:INFO:dhcp_proxy_script_adapter_fetcher_win.cc(267)] Error fetching PAC URL from DHCP: 2
[0822/135923:INFO:dhcp_proxy_script_adapter_fetcher_win.cc(267)] Error fetching PAC URL from DHCP: 2
[0822/135931:INFO:dhcp_proxy_script_adapter_fetcher_win.cc(267)] Error fetching PAC URL from DHCP: 2
[0822/135931:INFO:dhcp_proxy_script_adapter_fetcher_win.cc(267)] Error fetching PAC URL from DHCP: 2
[0822/135931:INFO:dhcp_proxy_script_adapter_fetcher_win.cc(267)] Error fetching PAC URL from DHCP: 2
[0822/135933:INFO:dhcp_proxy_script_adapter_fetcher_win.cc(267)] Error fetching PAC URL from DHCP: 2
[0822/135933:INFO:dhcp_proxy_script_adapter_fetcher_win.cc(267)] Error fetching PAC URL from DHCP: 2
[0822/135933:INFO:dhcp_proxy_script_adapter_fetcher_win.cc(267)] Error fetching PAC URL from DHCP: 2
[0822/135944:INFO:dhcp_proxy_script_adapter_fetcher_win.cc(267)] Error fetching PAC URL from DHCP: 2
[0822/135944:INFO:dhcp_proxy_script_adapter_fetcher_win.cc(267)] Error fetching PAC URL from DHCP: 2
[0822/135944:INFO:dhcp_proxy_script_adapter_fetcher_win.cc(267)] Error fetching PAC URL from DHCP: 2
[0822/140024:WARNING:dns_config_service_win.cc(599)] Failed to read DnsConfig.
[0822/140026:INFO:dhcp_proxy_script_adapter_fetcher_win.cc(267)] Error fetching PAC URL from DHCP: 2
[0822/140026:INFO:dhcp_proxy_script_adapter_fetcher_win.cc(267)] Error fetching PAC URL from DHCP: 2
[0822/140026:INFO:dhcp_proxy_script_adapter_fetcher_win.cc(267)] Error fetching PAC URL from DHCP: 2
[0822/140026:INFO:dhcp_proxy_script_adapter_fetcher_win.cc(267)] Error fetching PAC URL from DHCP: 2
[0822/140029:WARNING:dns_config_service_win.cc(599)] Failed to read DnsConfig.
[0822/140034:INFO:dhcp_proxy_script_adapter_fetcher_win.cc(267)] Error fetching PAC URL from DHCP: 2
[0822/140034:INFO:dhcp_proxy_script_adapter_fetcher_win.cc(267)] Error fetching PAC URL from DHCP: 2
[0822/140034:INFO:dhcp_proxy_script_adapter_fetcher_win.cc(267)] Error fetching PAC URL from DHCP: 2
[0822/140034:INFO:dhcp_proxy_script_adapter_fetcher_win.cc(267)] Error fetching PAC URL from DHCP: 2
[0822/140034:WARNING:dns_config_service_win.cc(599)] Failed to read DnsConfig.
[0822/140039:WARNING:dns_config_service_win.cc(599)] Failed to read DnsConfig.
[0822/140042:INFO:dhcp_proxy_script_adapter_fetcher_win.cc(267)] Error fetching PAC URL from DHCP: 2
[0822/140042:INFO:dhcp_proxy_script_adapter_fetcher_win.cc(267)] Error fetching PAC URL from DHCP: 2
[0822/140042:INFO:dhcp_proxy_script_adapter_fetcher_win.cc(267)] Error fetching PAC URL from DHCP: 2
[0822/140045:INFO:dhcp_proxy_script_adapter_fetcher_win.cc(267)] Error fetching PAC URL from DHCP: 2
[0822/140045:INFO:dhcp_proxy_script_adapter_fetcher_win.cc(267)] Error fetching PAC URL from DHCP: 2
[0822/140045:INFO:dhcp_proxy_script_adapter_fetcher_win.cc(267)] Error fetching PAC URL from DHCP: 2
[0822/140048:INFO:dhcp_proxy_script_adapter_fetcher_win.cc(267)] Error fetching PAC URL from DHCP: 2
[0822/140048:INFO:dhcp_proxy_script_adapter_fetcher_win.cc(267)] Error fetching PAC URL from DHCP: 2
[0822/140048:INFO:dhcp_proxy_script_adapter_fetcher_win.cc(267)] Error fetching PAC URL from DHCP: 2
[0822/140058:INFO:dhcp_proxy_script_adapter_fetcher_win.cc(267)] Error fetching PAC URL from DHCP: 2
[0822/140058:INFO:dhcp_proxy_script_adapter_fetcher_win.cc(267)] Error fetching PAC URL from DHCP: 2
[0822/140058:INFO:dhcp_proxy_script_adapter_fetcher_win.cc(267)] Error fetching PAC URL from DHCP: 2
[0822/140250:INFO:dhcp_proxy_script_adapter_fetcher_win.cc(267)] Error fetching PAC URL from DHCP: 2
[0822/140250:INFO:dhcp_proxy_script_adapter_fetcher_win.cc(267)] Error fetching PAC URL from DHCP: 2
[0822/140250:INFO:dhcp_proxy_script_adapter_fetcher_win.cc(267)] Error fetching PAC URL from DHCP: 2
[0822/140256:INFO:dhcp_proxy_script_adapter_fetcher_win.cc(267)] Error fetching PAC URL from DHCP: 2
[0822/140256:INFO:dhcp_proxy_script_adapter_fetcher_win.cc(267)] Error fetching PAC URL from DHCP: 2
[0822/140256:INFO:dhcp_proxy_script_adapter_fetcher_win.cc(267)] Error fetching PAC URL from DHCP: 2
[0822/140306:INFO:dhcp_proxy_script_adapter_fetcher_win.cc(267)] Error fetching PAC URL from DHCP: 2
[0822/140306:INFO:dhcp_proxy_script_adapter_fetcher_win.cc(267)] Error fetching PAC URL from DHCP: 2
[0822/140306:INFO:dhcp_proxy_script_adapter_fetcher_win.cc(267)] Error fetching PAC URL from DHCP: 2
[0822/142347:INFO:dhcp_proxy_script_adapter_fetcher_win.cc(267)] Error fetching PAC URL from DHCP: 2
[0822/142347:INFO:dhcp_proxy_script_adapter_fetcher_win.cc(267)] Error fetching PAC URL from DHCP: 2
[0822/142347:INFO:dhcp_proxy_script_adapter_fetcher_win.cc(267)] Error fetching PAC URL from DHCP: 2
[0822/142710:INFO:dhcp_proxy_script_adapter_fetcher_win.cc(267)] Error fetching PAC URL from DHCP: 2
[0822/142710:INFO:dhcp_proxy_script_adapter_fetcher_win.cc(267)] Error fetching PAC URL from DHCP: 2
[0822/142710:INFO:dhcp_proxy_script_adapter_fetcher_win.cc(267)] Error fetching PAC URL from DHCP: 2
[0822/144748:INFO:dhcp_proxy_script_adapter_fetcher_win.cc(267)] Error fetching PAC URL from DHCP: 2
[0822/144748:INFO:dhcp_proxy_script_adapter_fetcher_win.cc(267)] Error fetching PAC URL from DHCP: 2
[0822/144748:INFO:dhcp_proxy_script_adapter_fetcher_win.cc(267)] Error fetching PAC URL from DHCP: 2
[0822/144758:INFO:dhcp_proxy_script_adapter_fetcher_win.cc(267)] Error fetching PAC URL from DHCP: 2
[0822/144758:INFO:dhcp_proxy_script_adapter_fetcher_win.cc(267)] Error fetching PAC URL from DHCP: 2
[0822/144758:INFO:dhcp_proxy_script_adapter_fetcher_win.cc(267)] Error fetching PAC URL from DHCP: 2
[0822/144806:WARNING:dns_config_service_win.cc(599)] Failed to read DnsConfig.
[0822/144808:INFO:dhcp_proxy_script_adapter_fetcher_win.cc(267)] Error fetching PAC URL from DHCP: 2
[0822/144808:INFO:dhcp_proxy_script_adapter_fetcher_win.cc(267)] Error fetching PAC URL from DHCP: 2
[0822/144808:INFO:dhcp_proxy_script_adapter_fetcher_win.cc(267)] Error fetching PAC URL from DHCP: 2
[0822/144808:INFO:dhcp_proxy_script_adapter_fetcher_win.cc(267)] Error fetching PAC URL from DHCP: 2
[0822/144814:INFO:dhcp_proxy_script_adapter_fetcher_win.cc(267)] Error fetching PAC URL from DHCP: 2
[0822/144814:INFO:dhcp_proxy_script_adapter_fetcher_win.cc(267)] Error fetching PAC URL from DHCP: 2
[0822/144814:INFO:dhcp_proxy_script_adapter_fetcher_win.cc(267)] Error fetching PAC URL from DHCP: 2
[0822/144820:INFO:dhcp_proxy_script_adapter_fetcher_win.cc(267)] Error fetching PAC URL from DHCP: 2
[0822/144820:INFO:dhcp_proxy_script_adapter_fetcher_win.cc(267)] Error fetching PAC URL from DHCP: 2
[0822/144820:INFO:dhcp_proxy_script_adapter_fetcher_win.cc(267)] Error fetching PAC URL from DHCP: 2
[0822/144826:INFO:dhcp_proxy_script_adapter_fetcher_win.cc(267)] Error fetching PAC URL from DHCP: 2
[0822/144826:INFO:dhcp_proxy_script_adapter_fetcher_win.cc(267)] Error fetching PAC URL from DHCP: 2
[0822/144826:INFO:dhcp_proxy_script_adapter_fetcher_win.cc(267)] Error fetching PAC URL from DHCP: 2
[0822/144830:INFO:dhcp_proxy_script_adapter_fetcher_win.cc(267)] Error fetching PAC URL from DHCP: 2
[0822/144830:INFO:dhcp_proxy_script_adapter_fetcher_win.cc(267)] Error fetching PAC URL from DHCP: 2
[0822/144830:INFO:dhcp_proxy_script_adapter_fetcher_win.cc(267)] Error fetching PAC URL from DHCP: 2
[0822/144840:INFO:dhcp_proxy_script_adapter_fetcher_win.cc(267)] Error fetching PAC URL from DHCP: 2
[0822/144840:INFO:dhcp_proxy_script_adapter_fetcher_win.cc(267)] Error fetching PAC URL from DHCP: 2
[0822/144840:INFO:dhcp_proxy_script_adapter_fetcher_win.cc(267)] Error fetching PAC URL from DHCP: 2
[0822/145004:INFO:dhcp_proxy_script_adapter_fetcher_win.cc(267)] Error fetching PAC URL from DHCP: 2
[0822/145004:INFO:dhcp_proxy_script_adapter_fetcher_win.cc(267)] Error fetching PAC URL from DHCP: 2
[0822/145004:INFO:dhcp_proxy_script_adapter_fetcher_win.cc(267)] Error fetching PAC URL from DHCP: 2
[0822/145007:INFO:dhcp_proxy_script_adapter_fetcher_win.cc(267)] Error fetching PAC URL from DHCP: 2
[0822/145007:INFO:dhcp_proxy_script_adapter_fetcher_win.cc(267)] Error fetching PAC URL from DHCP: 2
[0822/145007:INFO:dhcp_proxy_script_adapter_fetcher_win.cc(267)] Error fetching PAC URL from DHCP: 2
[0822/145018:INFO:dhcp_proxy_script_adapter_fetcher_win.cc(267)] Error fetching PAC URL from DHCP: 2
[0822/145018:INFO:dhcp_proxy_script_adapter_fetcher_win.cc(267)] Error fetching PAC URL from DHCP: 2
[0822/145018:INFO:dhcp_proxy_script_adapter_fetcher_win.cc(267)] Error fetching PAC URL from DHCP: 2
[0822/145844:INFO:dhcp_proxy_script_adapter_fetcher_win.cc(267)] Error fetching PAC URL from DHCP: 2
[0822/145844:INFO:dhcp_proxy_script_adapter_fetcher_win.cc(267)] Error fetching PAC URL from DHCP: 2
[0822/145844:INFO:dhcp_proxy_script_adapter_fetcher_win.cc(267)] Error fetching PAC URL from DHCP: 2
[0822/152115:INFO:dhcp_proxy_script_adapter_fetcher_win.cc(267)] Error fetching PAC URL from DHCP: 2
[0822/152115:INFO:dhcp_proxy_script_adapter_fetcher_win.cc(267)] Error fetching PAC URL from DHCP: 2
[0822/152115:INFO:dhcp_proxy_script_adapter_fetcher_win.cc(267)] Error fetching PAC URL from DHCP: 2
[0822/152125:INFO:dhcp_proxy_script_adapter_fetcher_win.cc(267)] Error fetching PAC URL from DHCP: 2
[0822/152125:INFO:dhcp_proxy_script_adapter_fetcher_win.cc(267)] Error fetching PAC URL from DHCP: 2
[0822/152125:INFO:dhcp_proxy_script_adapter_fetcher_win.cc(267)] Error fetching PAC URL from DHCP: 2
[0822/200402:ERROR:ipc_channel_win.cc(401)] pipe error: 232
